
다음에 접속됨: Oracle Database 11g Enterprise Edition Release 11.1.0.7.0 - Production
With the Partitioning, OLAP, Data Mining and Real Application Testing options

익스포트 파일은 규정 경로를 거쳐 EXPORT:V11.01.00 에 의해 생성되었습니다
KO16MSWIN949 문자집합과 AL16UTF16 NCHAR 문자 집합에 임포트가 완성되었습니다
. SCOTT 객체를 SCOTT(으)로 임포트하는 중입니다
. . 테이블                        "BONUS"(를)을 임포트 중
                                                            0 행이 임포트되었습니다
. . 테이블                        "BOOK1"(를)을 임포트 중
                                                            3 행이 임포트되었습니다
. . 테이블                         "DEPT"(를)을 임포트 중
IMP-00019: ORACLE 1 오류로 인하여 행이 거부되었습니다
IMP-00003: ORACLE 오류 1이(가) 발생했습니다.
ORA-00001: 무결성 제약 조건(SCOTT.PK_DEPT)에 위배됩니다
열 1 10
열 2 ACCOUNTING
열 3 NEW YORK
IMP-00019: ORACLE 1 오류로 인하여 행이 거부되었습니다
IMP-00003: ORACLE 오류 1이(가) 발생했습니다.
ORA-00001: 무결성 제약 조건(SCOTT.PK_DEPT)에 위배됩니다
열 1 20
열 2 RESEARCH
열 3 DALLAS
IMP-00019: ORACLE 1 오류로 인하여 행이 거부되었습니다
IMP-00003: ORACLE 오류 1이(가) 발생했습니다.
ORA-00001: 무결성 제약 조건(SCOTT.PK_DEPT)에 위배됩니다
열 1 30
열 2 SALES
열 3 CHICAGO
IMP-00019: ORACLE 1 오류로 인하여 행이 거부되었습니다
IMP-00003: ORACLE 오류 1이(가) 발생했습니다.
ORA-00001: 무결성 제약 조건(SCOTT.PK_DEPT)에 위배됩니다
열 1 40
열 2 OPERATIONS
열 3 BOSTON
                                                            0 행이 임포트되었습니다
. . 테이블                          "EMP"(를)을 임포트 중
IMP-00019: ORACLE 1 오류로 인하여 행이 거부되었습니다
IMP-00003: ORACLE 오류 1이(가) 발생했습니다.
ORA-00001: 무결성 제약 조건(SCOTT.PK_EMP)에 위배됩니다
열 1 7369
열 2 SMITH
열 3 CLERK
열 4 7902
열 5 17-12월-1980:00:00:00
열 6 800
열 7 
열 8 20
IMP-00019: ORACLE 1 오류로 인하여 행이 거부되었습니다
IMP-00003: ORACLE 오류 1이(가) 발생했습니다.
ORA-00001: 무결성 제약 조건(SCOTT.PK_EMP)에 위배됩니다
열 1 7499
열 2 ALLEN
열 3 SALESMAN
열 4 7698
열 5 20-2월 -1981:00:00:00
열 6 1600
열 7 300
열 8 30
IMP-00019: ORACLE 1 오류로 인하여 행이 거부되었습니다
IMP-00003: ORACLE 오류 1이(가) 발생했습니다.
ORA-00001: 무결성 제약 조건(SCOTT.PK_EMP)에 위배됩니다
열 1 7521
열 2 WARD
열 3 SALESMAN
열 4 7698
열 5 22-2월 -1981:00:00:00
열 6 1250
열 7 500
열 8 30
IMP-00019: ORACLE 1 오류로 인하여 행이 거부되었습니다
IMP-00003: ORACLE 오류 1이(가) 발생했습니다.
ORA-00001: 무결성 제약 조건(SCOTT.PK_EMP)에 위배됩니다
열 1 7566
열 2 JONES
열 3 MANAGER
열 4 7839
열 5 02-4월 -1981:00:00:00
열 6 2975
열 7 
열 8 20
IMP-00019: ORACLE 1 오류로 인하여 행이 거부되었습니다
IMP-00003: ORACLE 오류 1이(가) 발생했습니다.
ORA-00001: 무결성 제약 조건(SCOTT.PK_EMP)에 위배됩니다
열 1 7654
열 2 MARTIN
열 3 SALESMAN
열 4 7698
열 5 28-9월 -1981:00:00:00
열 6 1250
열 7 1400
열 8 30
IMP-00019: ORACLE 1 오류로 인하여 행이 거부되었습니다
IMP-00003: ORACLE 오류 1이(가) 발생했습니다.
ORA-00001: 무결성 제약 조건(SCOTT.PK_EMP)에 위배됩니다
열 1 7698
열 2 BLAKE
열 3 MANAGER
열 4 7839
열 5 01-5월 -1981:00:00:00
열 6 2850
열 7 
열 8 30
IMP-00019: ORACLE 1 오류로 인하여 행이 거부되었습니다
IMP-00003: ORACLE 오류 1이(가) 발생했습니다.
ORA-00001: 무결성 제약 조건(SCOTT.PK_EMP)에 위배됩니다
열 1 7782
열 2 CLARK
열 3 MANAGER
열 4 7839
열 5 09-6월 -1981:00:00:00
열 6 2450
열 7 
열 8 10
IMP-00019: ORACLE 1 오류로 인하여 행이 거부되었습니다
IMP-00003: ORACLE 오류 1이(가) 발생했습니다.
ORA-00001: 무결성 제약 조건(SCOTT.PK_EMP)에 위배됩니다
열 1 7788
열 2 SCOTT
열 3 ANALYST
열 4 7566
열 5 19-4월 -1987:00:00:00
열 6 3000
열 7 
열 8 20
IMP-00019: ORACLE 1 오류로 인하여 행이 거부되었습니다
IMP-00003: ORACLE 오류 1이(가) 발생했습니다.
ORA-00001: 무결성 제약 조건(SCOTT.PK_EMP)에 위배됩니다
열 1 7839
열 2 KING
열 3 PRESIDENT
열 4 
열 5 17-11월-1981:00:00:00
열 6 5000
열 7 
열 8 10
IMP-00019: ORACLE 1 오류로 인하여 행이 거부되었습니다
IMP-00003: ORACLE 오류 1이(가) 발생했습니다.
ORA-00001: 무결성 제약 조건(SCOTT.PK_EMP)에 위배됩니다
열 1 7844
열 2 TURNER
열 3 SALESMAN
열 4 7698
열 5 08-9월 -1981:00:00:00
열 6 1500
열 7 0
열 8 30
IMP-00019: ORACLE 1 오류로 인하여 행이 거부되었습니다
IMP-00003: ORACLE 오류 1이(가) 발생했습니다.
ORA-00001: 무결성 제약 조건(SCOTT.PK_EMP)에 위배됩니다
열 1 7876
열 2 ADAMS
열 3 CLERK
열 4 7788
열 5 23-5월 -1987:00:00:00
열 6 1100
열 7 
열 8 20
IMP-00019: ORACLE 1 오류로 인하여 행이 거부되었습니다
IMP-00003: ORACLE 오류 1이(가) 발생했습니다.
ORA-00001: 무결성 제약 조건(SCOTT.PK_EMP)에 위배됩니다
열 1 7900
열 2 JAMES
열 3 CLERK
열 4 7698
열 5 03-12월-1981:00:00:00
열 6 950
열 7 
열 8 30
IMP-00019: ORACLE 1 오류로 인하여 행이 거부되었습니다
IMP-00003: ORACLE 오류 1이(가) 발생했습니다.
ORA-00001: 무결성 제약 조건(SCOTT.PK_EMP)에 위배됩니다
열 1 7902
열 2 FORD
열 3 ANALYST
열 4 7566
열 5 03-12월-1981:00:00:00
열 6 3000
열 7 
열 8 20
IMP-00019: ORACLE 1 오류로 인하여 행이 거부되었습니다
IMP-00003: ORACLE 오류 1이(가) 발생했습니다.
ORA-00001: 무결성 제약 조건(SCOTT.PK_EMP)에 위배됩니다
열 1 7934
열 2 MILLER
열 3 CLERK
열 4 7782
열 5 23-1월 -1982:00:00:00
열 6 1300
열 7 
열 8 10
                                                            0 행이 임포트되었습니다
. . 테이블                    "EMP_LEVEL"(를)을 임포트 중
                                                            5 행이 임포트되었습니다
. . 테이블                    "FREEBOARD"(를)을 임포트 중
                                                            0 행이 임포트되었습니다
. . 테이블                   "JOINMEMBER"(를)을 임포트 중
                                                            0 행이 임포트되었습니다
. . 테이블                      "LECTURE"(를)을 임포트 중
                                                            5 행이 임포트되었습니다
. . 테이블                      "MEMBER1"(를)을 임포트 중
                                                            3 행이 임포트되었습니다
. . 테이블                     "SALGRADE"(를)을 임포트 중
                                                            5 행이 임포트되었습니다
. . 테이블                    "T_GIFTMEM"(를)을 임포트 중
                                                            5 행이 임포트되었습니다
. . 테이블                  "T_GIFTPOINT"(를)을 임포트 중
                                                            6 행이 임포트되었습니다
. . 테이블                    "T_LETITBE"(를)을 임포트 중
                                                           34 행이 임포트되었습니다
. . 테이블                "T_ORDERBASKET"(를)을 임포트 중
                                                           54 행이 임포트되었습니다
. . 테이블                         "TCOM"(를)을 임포트 중
                                                            4 행이 임포트되었습니다
. . 테이블                        "TDEPT"(를)을 임포트 중
                                                           10 행이 임포트되었습니다
. . 테이블                         "TEMP"(를)을 임포트 중
                                                           20 행이 임포트되었습니다
. . 테이블                       "TEST02"(를)을 임포트 중
                                                            9 행이 임포트되었습니다
. . 테이블                       "TEST11"(를)을 임포트 중
                                                           12 행이 임포트되었습니다
. . 테이블              "TOAD_PLAN_TABLE"(를)을 임포트 중
                                                          170 행이 임포트되었습니다
. . 테이블                    "ZIPCODE_T"(를)을 임포트 중
...................................................
                                                        51504 행이 임포트되었습니다
제약 조건을 사용으로 설정에 대한 정보...
경고와 함께 임포트가 정상 종료되었습니다.
